This is pdfeTeX, Version 3.141592-1.30.6-2.2 (MiKTeX 2.5) (preloaded format=pdflatex 2014.9.11)  9 OCT 2015 22:01
entering extended mode
**Template.tex
(Template.tex
LaTeX2e <2005/12/01>
Babel <v3.8g> and hyphenation patterns for english, dumylang, nohyphenation, ge
rman, ngerman, french, loaded.
(ijcaArticle.cls ("C:\Program Files (x86)\MiKTeX 2.5\tex\latex\psnfss\helvet.st
y"
Package: helvet 2005/04/12 PSNFSS-v9.2a (WaS) 
 ("C:\Program Files (x86)\MiKTeX 2.5\tex\latex\graphics\keyval.sty"
Package: keyval 1999/03/16 v1.13 key=value parser (DPC)
\KV@toks@=\toks14
))
Document Class: ijcaArticle 2012/06/09
("C:\Program Files (x86)\MiKTeX 2.5\tex\latex\base\latexsym.sty"
Package: latexsym 1998/08/17 v2.2e Standard LaTeX package (lasy symbols)
\symlasy=\mathgroup4
LaTeX Font Info:    Overwriting symbol font `lasy' in version `bold'
(Font)                  U/lasy/m/n --> U/lasy/b/n on input line 47.
)
("C:\Program Files (x86)\MiKTeX 2.5\tex\latex\ltxmisc\url.sty"
\Urlmuskip=\muskip10
Package: url 2005/06/27  ver 3.2  Verb mode for urls, etc.
)
\trimheight=\dimen102
\trimwidth=\dimen103
\typeheight=\dimen104
\typewidth=\dimen105
\normaltextheight=\dimen106
\blindfoliodrop=\dimen107
\tempbox=\box26
\tempdimen=\dimen108
\normaltextheight=\dimen109
\c@secnumbookdepth=\count79
\c@theorem=\count80
\c@strategy=\count81
\c@property=\count82
\c@proposition=\count83
\c@exam=\count84
\c@part=\count85
\c@section=\count86
\c@subsection=\count87
\c@subsubsection=\count88
\c@paragraph=\count89
\c@figure=\count90
\c@table=\count91
\belowcaptionskip=\skip41
\tbbox=\box27
\tabledim=\dimen110
\@narrowfig=\dimen111
\@nfigbox=\box28
\@nfcapbox=\box29
\@abstract=\box30
\@terms=\box31
\@keywords=\box32
\bibindent=\dimen112
LaTeX Info: Redefining \cal on input line 900.

("C:\Program Files (x86)\MiKTeX 2.5\tex\latex\psnfss\times.sty"
Package: times 2005/04/12 PSNFSS-v9.2a (SPQR) 
)
("C:\Program Files (x86)\MiKTeX 2.5\tex\latex\tools\bm.sty"
Package: bm 2004/02/26 v1.1c Bold Symbol Support (DPC/FMi)
\symboldoperators=\mathgroup5
\symboldletters=\mathgroup6
\symboldsymbols=\mathgroup7
\symboldlasy=\mathgroup8
LaTeX Font Info:    Redeclaring math alphabet \mathbf on input line 137.
LaTeX Info: Redefining \bm on input line 203.
)
("C:\Program Files (x86)\MiKTeX 2.5\tex\latex\graphics\graphicx.sty"
Package: graphicx 1999/02/16 v1.0f Enhanced LaTeX Graphics (DPC,SPQR)

("C:\Program Files (x86)\MiKTeX 2.5\tex\latex\graphics\graphics.sty"
Package: graphics 2006/02/20 v1.0o Standard LaTeX Graphics (DPC,SPQR)

("C:\Program Files (x86)\MiKTeX 2.5\tex\latex\graphics\trig.sty"
Package: trig 1999/03/16 v1.09 sin cos tan (DPC)
)
("C:\Program Files (x86)\MiKTeX 2.5\tex\latex\00miktex\graphics.cfg"
File: graphics.cfg 2005/12/29 v1.2 MiKTeX 'graphics' configuration
)
Package graphics Info: Driver file: pdftex.def on input line 90.

("C:\Program Files (x86)\MiKTeX 2.5\tex\latex\graphics\pdftex.def"
File: pdftex.def 2007/01/08 v0.04d Graphics/color for pdfTeX
\Gread@gobject=\count92
))
\Gin@req@height=\dimen113
\Gin@req@width=\dimen114
)
("C:\Program Files (x86)\MiKTeX 2.5\tex\latex\hyperref\hyperref.sty"
Package: hyperref 2007/01/18 v6.75o Hypertext links for LaTeX
\@linkdim=\dimen115
\Hy@linkcounter=\count93
\Hy@pagecounter=\count94

("C:\Program Files (x86)\MiKTeX 2.5\tex\latex\hyperref\pd1enc.def"
File: pd1enc.def 2007/01/18 v6.75o Hyperref: PDFDocEncoding definition (HO)
)
("C:\Program Files (x86)\MiKTeX 2.5\tex\latex\00miktex\hyperref.cfg"
File: hyperref.cfg 2006/02/14 v1.1 MiKTeX 'hyperref' configuration
)
("C:\Program Files (x86)\MiKTeX 2.5\tex\latex\oberdiek\kvoptions.sty"
Package: kvoptions 2006/08/22 v2.4 Connects package keyval with LaTeX options (
HO)
)
Package hyperref Info: Hyper figures OFF on input line 2287.
Package hyperref Info: Link nesting OFF on input line 2292.
Package hyperref Info: Hyper index ON on input line 2295.
Package hyperref Info: Plain pages OFF on input line 2302.
Package hyperref Info: Backreferencing OFF on input line 2307.

Implicit mode ON; LaTeX internals redefined
Package hyperref Info: Bookmarks ON on input line 2443.
LaTeX Info: Redefining \url on input line 2598.
\Fld@menulength=\count95
\Field@Width=\dimen116
\Fld@charsize=\dimen117
\Choice@toks=\toks15
\Field@toks=\toks16
Package hyperref Info: Hyper figures OFF on input line 3076.
Package hyperref Info: Link nesting OFF on input line 3081.
Package hyperref Info: Hyper index ON on input line 3084.
Package hyperref Info: backreferencing OFF on input line 3091.
Package hyperref Info: Link coloring OFF on input line 3096.
\Hy@abspage=\count96
\c@Item=\count97
\c@Hfootnote=\count98
)
*hyperref using default driver hpdftex*
("C:\Program Files (x86)\MiKTeX 2.5\tex\latex\hyperref\hpdftex.def"
File: hpdftex.def 2007/01/18 v6.75o Hyperref driver for pdfTeX
\Fld@listcount=\count99
))
No file Template.aux.
LaTeX Font Info:    Checking defaults for OML/cmm/m/it on input line 24.
LaTeX Font Info:    ... okay on input line 24.
LaTeX Font Info:    Checking defaults for T1/cmr/m/n on input line 24.
LaTeX Font Info:    ... okay on input line 24.
LaTeX Font Info:    Checking defaults for OT1/cmr/m/n on input line 24.
LaTeX Font Info:    ... okay on input line 24.
LaTeX Font Info:    Checking defaults for OMS/cmsy/m/n on input line 24.
LaTeX Font Info:    ... okay on input line 24.
LaTeX Font Info:    Checking defaults for OMX/cmex/m/n on input line 24.
LaTeX Font Info:    ... okay on input line 24.
LaTeX Font Info:    Checking defaults for U/cmr/m/n on input line 24.
LaTeX Font Info:    ... okay on input line 24.
LaTeX Font Info:    Checking defaults for PD1/pdf/m/n on input line 24.
LaTeX Font Info:    ... okay on input line 24.
LaTeX Font Info:    Try loading font information for OT1+ptm on input line 24.
("C:\Program Files (x86)\MiKTeX 2.5\tex\latex\psnfss\ot1ptm.fd"
File: ot1ptm.fd 2001/06/04 font definitions for OT1/ptm.
)
("C:\Program Files (x86)\MiKTeX 2.5\tex\context\base\supp-pdf.tex"
[Loading MPS to PDF converter (version 2006.09.02).]
\scratchcounter=\count100
\scratchdimen=\dimen118
\scratchbox=\box33
\nofMPsegments=\count101
\nofMParguments=\count102
\MPscratchCnt=\count103
\MPscratchDim=\dimen119
\MPnumerator=\count104
\everyMPtoPDFconversion=\toks17
)
Package hyperref Info: Link coloring OFF on input line 24.
 ("C:\Program Files (x86)\MiKTeX 2.5\tex\latex\hyperref\nameref.sty"
Package: nameref 2006/12/27 v2.28 Cross-referencing by name of section

("C:\Program Files (x86)\MiKTeX 2.5\tex\latex\oberdiek\refcount.sty"
Package: refcount 2006/02/20 v3.0 Data extraction from references (HO)
)
\c@section@level=\count105
)
LaTeX Info: Redefining \ref on input line 24.
LaTeX Info: Redefining \pageref on input line 24.
\@outlinefile=\write3
LaTeX Font Info:    Font shape `OT1/ptm/bx/n' in size <10> not available
(Font)              Font shape `OT1/ptm/b/n' tried instead on input line 48.
LaTeX Font Info:    Try loading font information for OT1+phv on input line 52.

("C:\Program Files (x86)\MiKTeX 2.5\tex\latex\psnfss\ot1phv.fd"
File: ot1phv.fd 2001/06/04 scalable font definitions for OT1/phv.
)
LaTeX Font Info:    Font shape `OT1/phv/m/n' will be
(Font)              scaled to size 19.08076pt on input line 52.
LaTeX Font Info:    Font shape `OT1/phv/bx/n' in size <20.74> not available
(Font)              Font shape `OT1/phv/b/n' tried instead on input line 52.
LaTeX Font Info:    Font shape `OT1/phv/b/n' will be
(Font)              scaled to size 19.08076pt on input line 52.
LaTeX Font Info:    External font `cmex10' loaded for size
(Font)              <20.74> on input line 52.
LaTeX Font Info:    External font `cmex10' loaded for size
(Font)              <14.4> on input line 52.
LaTeX Font Info:    External font `cmex10' loaded for size
(Font)              <12> on input line 52.
LaTeX Font Info:    Try loading font information for U+lasy on input line 52.

("C:\Program Files (x86)\MiKTeX 2.5\tex\latex\base\ulasy.fd"
File: ulasy.fd 1998/08/17 v2.2e LaTeX symbol font definitions
)
LaTeX Font Info:    Font shape `OT1/phv/bx/n' in size <14.4> not available
(Font)              Font shape `OT1/phv/b/n' tried instead on input line 52.
LaTeX Font Info:    Font shape `OT1/phv/b/n' will be
(Font)              scaled to size 13.24796pt on input line 52.
LaTeX Font Info:    External font `cmex10' loaded for size
(Font)              <17.28> on input line 52.
LaTeX Font Info:    External font `cmex10' loaded for size
(Font)              <8> on input line 52.
LaTeX Font Info:    External font `cmex10' loaded for size
(Font)              <6> on input line 52.
LaTeX Font Info:    Font shape `U/lasy/b/n' in size <8> not available
(Font)              Font shape `U/lasy/m/n' tried instead on input line 52.
LaTeX Font Info:    Font shape `U/lasy/b/n' in size <6> not available
(Font)              Font shape `U/lasy/m/n' tried instead on input line 52.
LaTeX Font Info:    External font `cmex10' loaded for size
(Font)              <7> on input line 56.
LaTeX Font Info:    External font `cmex10' loaded for size
(Font)              <5> on input line 56.
LaTeX Font Info:    Font shape `U/lasy/b/n' in size <7> not available
(Font)              Font shape `U/lasy/m/n' tried instead on input line 56.
LaTeX Font Info:    Font shape `U/lasy/b/n' in size <5> not available
(Font)              Font shape `U/lasy/m/n' tried instead on input line 56.
LaTeX Font Info:    External font `cmex10' loaded for size
(Font)              <9> on input line 62.
LaTeX Font Info:    Font shape `U/lasy/b/n' in size <9> not available
(Font)              Font shape `U/lasy/m/n' tried instead on input line 62.
Missing character: There is no – in font ptmr7t!
Missing character: There is no – in font ptmr7t!
Missing character: There is no – in font ptmr7t!

Underfull \hbox (badness 2626) in paragraph at lines 123--124
\OT1/ptm/m/n/9 The fol-low-ing ad-di-tional style op-tion is avail-able with th
e
 []


Warning:  (file IJCA-Sample-image.pdf): pdf inclusion: found pdf version <1.5>,
 but at most version <1.4> allowed
<IJCA-Sample-image.pdf, id=7, 505.89pt x 361.35pt>
File: IJCA-Sample-image.pdf Graphic file (type pdf)
 <use IJCA-Sample-image.pdf>
Underfull \hbox (badness 2680) in paragraph at lines 174--175
\OT1/ptm/m/n/9 In ad-di-tion to all the stan-dard L[]T[]X de-sign el-e-ments, t
he
 []


Underfull \hbox (badness 10000) has occurred while \output is active
[]  []
 []


Overfull \vbox (14.65826pt too high) has occurred while \output is active []


[1{psfonts.map}
Non-PDF special ignored!


]
Underfull \hbox (badness 1728) in paragraph at lines 176--177
[]\OT1/ptm/m/n/9 Use of the []\OT1/cmtt/m/n/9 \ijcaArticleNum{...}\OT1/ptm/m/n/
9 command for ar-ti-cle
 []


Underfull \hbox (badness 3525) in paragraph at lines 178--179
[]\OT1/ptm/m/n/9 Use of the []\OT1/cmtt/m/n/9 \ijcaVolume{...}[]ijcaNumber{...}
 \OT1/ptm/m/n/9 com-
 []


Underfull \hbox (badness 10000) in paragraph at lines 181--184
[]\OT1/ptm/m/n/9 In gen-eral, once you have used the ad-di-tional
 []

Missing character: There is no ’ in font ptmb7t!
Missing character: There is no ’ in font ptmr7t!

Overfull \hbox (0.9722pt too wide) in paragraph at lines 213--213
[]    \OT1/cmtt/m/n/9 \normalsize 1st author's email address \\[-3pt][] 
 []


Overfull \hbox (0.9722pt too wide) in paragraph at lines 213--213
[]    \OT1/cmtt/m/n/9 \normalsize 2nd author's email address \\[-3pt][] 
 []


Overfull \hbox (0.9722pt too wide) in paragraph at lines 213--213
[]    \OT1/cmtt/m/n/9 \normalsize 3rd author's email address \\[-3pt][] 
 []


Overfull \hbox (0.9722pt too wide) in paragraph at lines 248--248
[]\OT1/cmtt/m/n/9 \keywords{Face animation, image-based modelling...}[] 
 []


Underfull \hbox (badness 10000) has occurred while \output is active
[]   []
 []


Overfull \vbox (14.65826pt too high) has occurred while \output is active []


Underfull \hbox (badness 10000) has occurred while \output is active
  \OT1/ptm/m/n/9 2
 []

[2 <IJCA-Sample-image.pdf
Warning:  (file IJCA-Sample-image.pdf): pdf inclusion: Page Group detected whic
h pdfTeX can't handle. Ignoring it.
>]
Overfull \hbox (0.9722pt too wide) in paragraph at lines 248--248
[]\OT1/cmtt/m/n/9 the construction of the classification data related[] 
 []


Overfull \hbox (0.9722pt too wide) in paragraph at lines 248--248
[]\OT1/cmtt/m/n/9 process. The parametric identification of the local[] 
 []


Overfull \hbox (0.9722pt too wide) in paragraph at lines 248--248
[]\OT1/cmtt/m/n/9 models is realized by a new recursive algorithm for[] 
 []


Overfull \hbox (0.9722pt too wide) in paragraph at lines 248--248
[]\OT1/cmtt/m/n/9 on line identification of systems with unknown time[] 
 []

File: IJCA-Sample-image.pdf Graphic file (type pdf)
<use IJCA-Sample-image.pdf>
Overfull \hbox (19.87198pt too wide) in paragraph at lines 350--350
[]\OT1/cmtt/m/n/9 \centerline{\includegraphics[width=20pc]{Graphics.eps}}[] 
 []


Underfull \hbox (badness 2080) in paragraph at lines 351--355
\OT1/ptm/m/n/9 Figures can be re-sized us-ing first and sec-ond ar-gu-ment of
 []


Underfull \hbox (badness 1248) in paragraph at lines 356--359
[]\OT1/ptm/m/n/9 Cross-referencing of fig-ures, ta-bles, and num-bered, dis-pla
yed
 []


Underfull \hbox (badness 1158) in paragraph at lines 356--359
\OT1/ptm/m/n/9 equa-tions us-ing the []\OT1/cmtt/m/n/9 \label \OT1/ptm/m/n/9 an
d []\OT1/cmtt/m/n/9 \ref \OT1/ptm/m/n/9 com-mands is en-cour-
 []


Underfull \hbox (badness 1371) in paragraph at lines 356--359
\OT1/ptm/m/n/9 aged. For ex-am-ple, in ref-er-enc-ing Fig-ure 1 above, we used
 []


Underfull \hbox (badness 10000) has occurred while \output is active
[]   []
 []


Overfull \vbox (14.65826pt too high) has occurred while \output is active []


Underfull \hbox (badness 10000) has occurred while \output is active
  \OT1/ptm/m/n/9 3
 []

[3]
Overfull \hbox (0.9722pt too wide) in paragraph at lines 478--478
[]\OT1/cmtt/m/n/9 Equation~(\ref{eq:samplevar}) gives the formula for[] 
 []

LaTeX Font Info:    Font shape `OT1/ptm/bx/n' in size <9> not available
(Font)              Font shape `OT1/ptm/b/n' tried instead on input line 484.

LaTeX Warning: Reference `eq:samplevar' on page 4 undefined on input line 484.


Underfull \hbox (badness 10000) in paragraph at lines 514--518
[]\OT1/ptm/m/it/9 Four
 []


Underfull \hbox (badness 10000) has occurred while \output is active
[]   []
 []


Overfull \vbox (14.65826pt too high) has occurred while \output is active []


Underfull \hbox (badness 10000) has occurred while \output is active
  \OT1/ptm/m/n/9 4
 []

[4]
Underfull \hbox (badness 10000) has occurred while \output is active
[]   []
 []


Overfull \vbox (14.65826pt too high) has occurred while \output is active []


Underfull \hbox (badness 10000) has occurred while \output is active
  \OT1/ptm/m/n/9 5
 []

[5

] (Template.aux)

LaTeX Warning: There were undefined references.


LaTeX Warning: Label(s) may have changed. Rerun to get cross-references right.

 ) 
Here is how much of TeX's memory you used:
 3339 strings out of 95419
 43652 string characters out of 1187158
 101702 words of memory out of 1097722
 6337 multiletter control sequences out of 60000
 40792 words of font info for 103 fonts, out of 1000000 for 2000
 14 hyphenation exceptions out of 8191
 32i,13n,36p,227b,401s stack positions out of 5000i,500n,10000p,200000b,32768s
PDF statistics:
 114 PDF objects out of 300000
 41 named destinations out of 300000
 22 words of extra memory for PDF output out of 10000
<C:/Program Files (x86)/MiKTeX 2.5/fonts/type1/bluesky/cm/cmsy10.pfb><C:/Prog
ram Files (x86)/MiKTeX 2.5/fonts/type1/bluesky/cm/cmr9.pfb><C:/Program Files (x
86)/MiKTeX 2.5/fonts/type1/bluesky/cm/cmr6.pfb><C:/Program Files (x86)/MiKTeX 2
.5/fonts/type1/bluesky/cm/cmex10.pfb><C:/Program Files (x86)/MiKTeX 2.5/fonts/t
ype1/bluesky/cm/cmmi6.pfb><C:/Program Files (x86)/MiKTeX 2.5/fonts/type1/bluesk
y/cm/cmmi9.pfb><C:/Program Files (x86)/MiKTeX 2.5/fonts/type1/bluesky/cm/cmtt9.
pfb><C:/Program Files (x86)/MiKTeX 2.5/fonts/type1/bluesky/cm/cmtt10.pfb>{8r.en
c}<C:/Program Files (x86)/MiKTeX 2.5/fonts/type1/urw/times/utmb8a.pfb><C:/Progr
am Files (x86)/MiKTeX 2.5/fonts/type1/urw/times/utmr8a.pfb><C:/Program Files (x
86)/MiKTeX 2.5/fonts/type1/bluesky/cm/cmmib10.pfb><C:/Program Files (x86)/MiKTe
X 2.5/fonts/type1/urw/helvetic/uhvb8a.pfb><C:/Program Files (x86)/MiKTeX 2.5/fo
nts/type1/urw/times/utmri8a.pfb>
Output written on Template.pdf (5 pages, 276316 bytes).
