This is pdfeTeX, Version 3.141592-1.30.6-2.2 (MiKTeX 2.5) (preloaded format=pdflatex 2014.9.11)  26 DEC 2016 15:38
entering extended mode
**sample*(single*col).tex
("sample (single col).tex"
LaTeX2e <2005/12/01>
Babel <v3.8g> and hyphenation patterns for english, dumylang, nohyphenation, ge
rman, ngerman, french, loaded.
(singlecol-new.cls

LaTeX Warning: You have requested document class `singlecol-new',
               but the document class provides `singlecol'.

Document Class: singlecol 1998/05/05 v1.3y Standard LaTeX document class
("C:\Program Files (x86)\MiKTeX 2.5\tex\latex\epsf\epsf.sty"
This is `epsf.tex' v2.7.3 <23 July 2005>
\epsffilein=\read1
\epsfframemargin=\dimen102
\epsfframethickness=\dimen103
\epsfrsize=\dimen104
\epsftmp=\dimen105
\epsftsize=\dimen106
\epsfxsize=\dimen107
\epsfysize=\dimen108
\pspoints=\dimen109
) ("C:\Program Files (x86)\MiKTeX 2.5\tex\latex\base\ifthen.sty"
Package: ifthen 2001/05/26 v1.1c Standard LaTeX ifthen package (DPC)
)
("C:\Program Files (x86)\MiKTeX 2.5\tex\latex\tools\dcolumn.sty"
Package: dcolumn 2001/05/28 v1.06 decimal alignment package (DPC)

("C:\Program Files (x86)\MiKTeX 2.5\tex\latex\tools\array.sty"
Package: array 2005/08/23 v2.4b Tabular extension package (FMi)
\col@sep=\dimen110
\extrarowheight=\dimen111
\NC@list=\toks14
\extratabsurround=\skip41
\backup@length=\skip42
))
("C:\Program Files (x86)\MiKTeX 2.5\tex\latex\graphics\graphics.sty"
Package: graphics 2006/02/20 v1.0o Standard LaTeX Graphics (DPC,SPQR)

("C:\Program Files (x86)\MiKTeX 2.5\tex\latex\graphics\trig.sty"
Package: trig 1999/03/16 v1.09 sin cos tan (DPC)
)
("C:\Program Files (x86)\MiKTeX 2.5\tex\latex\00miktex\graphics.cfg"
File: graphics.cfg 2005/12/29 v1.2 MiKTeX 'graphics' configuration
)
Package graphics Info: Driver file: pdftex.def on input line 90.

("C:\Program Files (x86)\MiKTeX 2.5\tex\latex\graphics\pdftex.def"
File: pdftex.def 2007/01/08 v0.04d Graphics/color for pdfTeX
\Gread@gobject=\count79
))
("C:\Program Files (x86)\MiKTeX 2.5\tex\latex\base\leqno.sty"

LaTeX Warning: inputting `leqno.clo' instead of obsolete `leqno.sty'.

("C:\Program Files (x86)\MiKTeX 2.5\tex\latex\base\leqno.clo"
File: leqno.clo 1998/08/17 v1.1c Standard LaTeX option (left equation numbers)
))
("C:\Program Files (x86)\MiKTeX 2.5\tex\latex\tools\calc.sty"
Package: calc 2005/08/06 v4.2 Infix arithmetic (KKT,FJ)
\calc@Acount=\count80
\calc@Bcount=\count81
\calc@Adimen=\dimen112
\calc@Bdimen=\dimen113
\calc@Askip=\skip43
\calc@Bskip=\skip44
LaTeX Info: Redefining \setlength on input line 75.
LaTeX Info: Redefining \addtolength on input line 76.
\calc@Ccount=\count82
\calc@Cskip=\skip45
)
("C:\Program Files (x86)\MiKTeX 2.5\tex\latex\lastpage\lastpage.sty"
Package: lastpage 1994/06/25 v0.1b LaTeX2e package for refs to last page number
 (JPG)
)
("C:\Program Files (x86)\MiKTeX 2.5\tex\latex\graphics\color.sty"
Package: color 2005/11/14 v1.0j Standard LaTeX Color (DPC)

("C:\Program Files (x86)\MiKTeX 2.5\tex\latex\00miktex\color.cfg"
File: color.cfg 2005/12/29 v1.1 MiKTeX 'color' configuration
)
Package color Info: Driver file: pdftex.def on input line 130.
)
("C:\Program Files (x86)\MiKTeX 2.5\tex\latex\ltxmisc\endnotes.sty"
\c@endnote=\count83
\endnotesep=\dimen114
\@enotes=\write3
)
("C:\Program Files (x86)\MiKTeX 2.5\tex\latex\amsmath\amsmath.sty"
Package: amsmath 2000/07/18 v2.13 AMS math features
\@mathmargin=\skip46

For additional information on amsmath, use the `?' option.
("C:\Program Files (x86)\MiKTeX 2.5\tex\latex\amsmath\amstext.sty"
Package: amstext 2000/06/29 v2.01

("C:\Program Files (x86)\MiKTeX 2.5\tex\latex\amsmath\amsgen.sty"
File: amsgen.sty 1999/11/30 v2.0
\@emptytoks=\toks15
\ex@=\dimen115
))
("C:\Program Files (x86)\MiKTeX 2.5\tex\latex\amsmath\amsbsy.sty"
Package: amsbsy 1999/11/29 v1.2d
\pmbraise@=\dimen116
)
("C:\Program Files (x86)\MiKTeX 2.5\tex\latex\amsmath\amsopn.sty"
Package: amsopn 1999/12/14 v2.01 operator names
)
\inf@bad=\count84
LaTeX Info: Redefining \frac on input line 211.
\uproot@=\count85
\leftroot@=\count86
LaTeX Info: Redefining \overline on input line 307.
\classnum@=\count87
\DOTSCASE@=\count88
LaTeX Info: Redefining \ldots on input line 379.
LaTeX Info: Redefining \dots on input line 382.
LaTeX Info: Redefining \cdots on input line 467.
\Mathstrutbox@=\box26
\strutbox@=\box27
\big@size=\dimen117
LaTeX Font Info:    Redeclaring font encoding OML on input line 567.
LaTeX Font Info:    Redeclaring font encoding OMS on input line 568.
\macc@depth=\count89
\c@MaxMatrixCols=\count90
\dotsspace@=\muskip10
\c@parentequation=\count91
\dspbrk@lvl=\count92
\tag@help=\toks16
\row@=\count93
\column@=\count94
\maxfields@=\count95
\andhelp@=\toks17
\eqnshift@=\dimen118
\alignsep@=\dimen119
\tagshift@=\dimen120
\tagwidth@=\dimen121
\totwidth@=\dimen122
\lineht@=\dimen123
\@envbody=\toks18
\multlinegap=\skip47
\multlinetaggap=\skip48
\mathdisplay@stack=\toks19
LaTeX Info: Redefining \[ on input line 2666.
LaTeX Info: Redefining \] on input line 2667.
)
("C:\Program Files (x86)\MiKTeX 2.5\tex\latex\amsfonts\amsfonts.sty"
Package: amsfonts 2001/10/25 v2.2f
\symAMSa=\mathgroup4
\symAMSb=\mathgroup5
LaTeX Font Info:    Overwriting math alphabet `\mathfrak' in version `bold'
(Font)                  U/euf/m/n --> U/euf/b/n on input line 132.
)
("C:\Program Files (x86)\MiKTeX 2.5\tex\latex\amsfonts\amssymb.sty"
Package: amssymb 2002/01/22 v2.2d
)
("C:\Program Files (x86)\MiKTeX 2.5\tex\latex\tools\bm.sty"
Package: bm 2004/02/26 v1.1c Bold Symbol Support (DPC/FMi)
\symboldoperators=\mathgroup6
\symboldletters=\mathgroup7
\symboldsymbols=\mathgroup8
LaTeX Font Info:    Redeclaring math alphabet \mathbf on input line 137.
LaTeX Info: Redefining \bm on input line 203.
)
("C:\Program Files (x86)\MiKTeX 2.5\tex\latex\base\latexsym.sty"
Package: latexsym 1998/08/17 v2.2e Standard LaTeX package (lasy symbols)
\symlasy=\mathgroup9
LaTeX Font Info:    Overwriting symbol font `lasy' in version `bold'
(Font)                  U/lasy/m/n --> U/lasy/b/n on input line 47.
)
("C:\Program Files (x86)\MiKTeX 2.5\tex\latex\base\fontenc.sty"
Package: fontenc 2005/09/27 v1.99g Standard LaTeX package

("C:\Program Files (x86)\MiKTeX 2.5\tex\latex\ly1\ly1enc.def"
File: ly1enc.def 1999/05/21 v0.6 TeX 'n ANSI encoding (DPC)
)
LaTeX Font Info:    Try loading font information for LY1+ptm on input line 100.


("C:\Program Files (x86)\MiKTeX 2.5\tex\latex\ly1\ly1ptm.fd"
File: ly1ptm.fd 2001/02/01 font definitions for LY1/ptm using Berry names.
))
("C:\Program Files (x86)\MiKTeX 2.5\tex\latex\base\size10.clo"
File: size10.clo 2005/09/16 v1.4f Standard LaTeX file (size option)
)
\markwidth=\dimen124
\blth=\dimen125
\marklength=\dimen126
\markdistance=\dimen127
\trimwidth=\dimen128
\trimheight=\dimen129
\auxaaa=\dimen130
\auxbbb=\dimen131
\auxccc=\dimen132
\auxddd=\dimen133
\t@abstract=\box28
\t@receivedname=\box29
\temptbox=\box30
\tempdime=\dimen134
\t@bio=\box31

("C:\Program Files (x86)\MiKTeX 2.5\tex\latex\tools\theorem.sty"
Package: theorem 1995/11/23 v2.2c Theorem extension package (FMi)
\theorem@style=\toks20
\theorem@bodyfont=\toks21
\theorempreskipamount=\skip49
\theorempostskipamount=\skip50

("C:\Program Files (x86)\MiKTeX 2.5\tex\latex\tools\thp.sty"
File: thp.sty 1995/11/23 v2.2c Theorem extension package (FMi)
))
\c@part=\count96
\c@section=\count97
\c@subsection=\count98
\c@subsubsection=\count99
\c@paragraph=\count100
\c@subparagraph=\count101
\mathindent=\dimen135
\mathindent=\dimen136
\c@figure=\count102
\c@table=\count103
\abovecaptionskip=\skip51
\belowcaptionskip=\skip52
\@tempboxb=\box32
\boxH=\box33
\boxHrunin=\box34
\temptbox=\box35
\temptboxA=\box36
\tempdime=\dimen137
\tempdimeA=\dimen138
\rboxh=\dimen139
\rboxw=\dimen140
)
("C:\Program Files (x86)\MiKTeX 2.5\tex\latex\natbib\natbib.sty"
Package: natbib 2006/09/06 7.4a (PWD)
\bibhang=\skip53
\bibsep=\skip54
LaTeX Info: Redefining \cite on input line 541.
\c@NAT@ctr=\count104
)
("C:\Program Files (x86)\MiKTeX 2.5\tex\latex\sttools\stfloats.sty"
Package: stfloats 1999/10/22
\@dblbotnum=\count105
\c@dblbotnumber=\count106
)
("C:\Program Files (x86)\MiKTeX 2.5\tex\latex\jknappen\mathrsfs.sty"
Package: mathrsfs 1996/01/01 Math RSFS package v1.0 (jk)
\symrsfs=\mathgroup10
)
\c@lemma=\count107
\c@algorithm=\count108
\c@definition=\count109
\c@question=\count110
\c@remark=\count111
\c@scheme=\count112
\c@case=\count113

("sample (single col).aux"

Package natbib Warning: Citation `myneni10col' multiply defined.

)
LaTeX Font Info:    Checking defaults for OML/cmm/m/it on input line 54.
LaTeX Font Info:    ... okay on input line 54.
LaTeX Font Info:    Checking defaults for T1/cmr/m/n on input line 54.
LaTeX Font Info:    ... okay on input line 54.
LaTeX Font Info:    Checking defaults for OT1/cmr/m/n on input line 54.
LaTeX Font Info:    ... okay on input line 54.
LaTeX Font Info:    Checking defaults for OMS/cmsy/m/n on input line 54.
LaTeX Font Info:    ... okay on input line 54.
LaTeX Font Info:    Checking defaults for OMX/cmex/m/n on input line 54.
LaTeX Font Info:    ... okay on input line 54.
LaTeX Font Info:    Checking defaults for U/cmr/m/n on input line 54.
LaTeX Font Info:    ... okay on input line 54.
LaTeX Font Info:    Checking defaults for LY1/ptm/m/n on input line 54.
LaTeX Font Info:    ... okay on input line 54.
 ("C:\Program Files (x86)\MiKTeX 2.5\tex\context\base\supp-pdf.tex"
[Loading MPS to PDF converter (version 2006.09.02).]
\scratchcounter=\count114
\scratchdimen=\dimen141
\scratchbox=\box37
\nofMPsegments=\count115
\nofMParguments=\count116
\MPscratchCnt=\count117
\MPscratchDim=\dimen142
\MPnumerator=\count118
\everyMPtoPDFconversion=\toks22
)
LaTeX Font Info:    Try loading font information for U+msa on input line 70.
 ("C:\Program Files (x86)\MiKTeX 2.5\tex\latex\amsfonts\umsa.fd"
File: umsa.fd 2002/01/19 v2.2g AMS font definitions
)
LaTeX Font Info:    Try loading font information for U+msb on input line 70.

("C:\Program Files (x86)\MiKTeX 2.5\tex\latex\amsfonts\umsb.fd"
File: umsb.fd 2002/01/19 v2.2g AMS font definitions
)
LaTeX Font Info:    Try loading font information for U+lasy on input line 70.

("C:\Program Files (x86)\MiKTeX 2.5\tex\latex\base\ulasy.fd"
File: ulasy.fd 1998/08/17 v2.2e LaTeX symbol font definitions
)
LaTeX Font Info:    Try loading font information for U+rsfs on input line 70.

("C:\Program Files (x86)\MiKTeX 2.5\tex\latex\jknappen\ursfs.fd"
File: ursfs.fd 1998/03/24 rsfs font definition file (jk)
)
Underfull \hbox (badness 10000) in paragraph at lines 72--72

 []


Overfull \hbox (24.0pt too wide) in paragraph at lines 147--147
[][]|  
 []


Underfull \hbox (badness 2521) in paragraph at lines 147--147
 |\LY1/ptm/b/n/9 Keywords: \LY1/ptm/m/n/9 Metadata; Scientific Data Management;
 Data Sharing; Data 
 []


Underfull \vbox (badness 2846) has occurred while \output is active []

 [1

{psfonts.map}]
Overfull \hbox (24.0pt too wide) in paragraph at lines 147--147
|[]  
 []


Underfull \hbox (badness 1448) in paragraph at lines 163--183
[]\LY1/ptm/m/n/10 To support large scale collaborative biomedical research, NIH
 provides large-
 []


Underfull \hbox (badness 3302) in paragraph at lines 163--183
\LY1/ptm/m/n/10 to synergize and integrate their efforts, and the awards mandat
e the research
 []


Underfull \hbox (badness 3690) in paragraph at lines 163--183
\LY1/ptm/m/n/10 results and data to be shared NIH Statement on Sharing Scientif
ic Research
 []


Underfull \hbox (badness 10000) in paragraph at lines 163--183
\LY1/ptm/m/n/10 Data (http://grants.nih.gov/grants/policy/data_sharing/); Polic
y for sharing of
 []


Underfull \hbox (badness 3118) in paragraph at lines 163--183
\LY1/ptm/m/n/10 data obtained in NIH supported or conducted genome-wide associa
tion studies
 []


Underfull \hbox (badness 6236) in paragraph at lines 163--183
\LY1/ptm/m/n/10 (2008). The Network for Translational Research (NTR): Optical I
maging in
 []


Underfull \hbox (badness 10000) in paragraph at lines 163--183
\LY1/ptm/m/n/10 in Multimodality Platforms (http://imaging.cancer.gov/programsa
ndresources/speci
 []


Underfull \hbox (badness 2538) in paragraph at lines 163--183
\LY1/ptm/m/n/10 alizedinitiatives/ntroi) is one of such collaborative projects 
on the development,
 []


Underfull \hbox (badness 10000) has occurred while \output is active
\LY1/ptm/m/n/10 2| \LY1/ptm/m/it/10 F. Wang et al.
 []


Overfull \hbox (2.5pt too wide) has occurred while \output is active
|[][]
 []

[2]
Underfull \hbox (badness 3449) in paragraph at lines 236--253
\LY1/ptm/m/n/10 datasets hosted at a single location in a common schema. For ex
ample, the
 []


Underfull \hbox (badness 1845) in paragraph at lines 236--253
\LY1/ptm/m/n/10 Cancer Genome Atlas (TCGA) Data Portal The Cancer Genome Atlas 
(TCGA)
 []


Underfull \hbox (badness 1845) in paragraph at lines 236--253
\LY1/ptm/m/n/10 Data Portal (http://cancergenome.nih.gov/dataportal) manages ge
nome related data;
 []


Underfull \hbox (badness 10000) in paragraph at lines 236--253
\LY1/ptm/m/n/10 National Biomedical Imaging Archive National Biomedical Imaging
 Archive
 []


Overfull \hbox (2.5pt too wide) has occurred while \output is active
|[][]
 []

[3]
Underfull \hbox (badness 10000) has occurred while \output is active
\LY1/ptm/m/n/10 4| \LY1/ptm/m/it/10 F. Wang et al.
 []


Overfull \hbox (2.5pt too wide) has occurred while \output is active
|[][]
 []

[4]
Overfull \hbox (2.5pt too wide) has occurred while \output is active
|[][]
 []

[5]
Underfull \hbox (badness 10000) has occurred while \output is active
\LY1/ptm/m/n/10 6| \LY1/ptm/m/it/10 F. Wang et al.
 []


Overfull \hbox (2.5pt too wide) has occurred while \output is active
|[][]
 []

[6]
Overfull \hbox (2.5pt too wide) has occurred while \output is active
|[][]
 []

[7]
Underfull \hbox (badness 10000) has occurred while \output is active
\LY1/ptm/m/n/10 8| \LY1/ptm/m/it/10 F. Wang et al.
 []


Overfull \hbox (2.5pt too wide) has occurred while \output is active
|[][]
 []

[8]
Overfull \hbox (2.5pt too wide) has occurred while \output is active
|[][]
 []

[9]
Underfull \hbox (badness 10000) has occurred while \output is active
\LY1/ptm/m/n/10 10| \LY1/ptm/m/it/10 F. Wang et al.
 []


Overfull \hbox (2.5pt too wide) has occurred while \output is active
|[][]
 []

[10]
Overfull \hbox (2.5pt too wide) has occurred while \output is active
|[][]
 []

[11]
Underfull \hbox (badness 10000) has occurred while \output is active
\LY1/ptm/m/n/10 12| \LY1/ptm/m/it/10 F. Wang et al.
 []


Overfull \hbox (2.5pt too wide) has occurred while \output is active
|[][]
 []

[12]
Overfull \hbox (2.5pt too wide) has occurred while \output is active
|[][]
 []

[13]
Underfull \hbox (badness 10000) has occurred while \output is active
\LY1/ptm/m/n/10 14| \LY1/ptm/m/it/10 F. Wang et al.
 []


Overfull \hbox (2.5pt too wide) has occurred while \output is active
|[][]
 []

[14]
Overfull \hbox (2.5pt too wide) has occurred while \output is active
|[][]
 []

[15]
Underfull \hbox (badness 1331) in paragraph at lines 1137--1141
[]\LY1/ptm/b/n/10 Integration with Other Systems. \LY1/ptm/m/n/10 In the past, 
we also worked on extending
 []


Underfull \hbox (badness 1067) in paragraph at lines 1137--1141
\LY1/ptm/m/n/10 SciPort so data managed in SciPort could be integrated into oth
er infrastructures
 []


Package natbib Warning: Citation `lee09' on page 16 undefined on input line 115
1.


Underfull \hbox (badness 10000) has occurred while \output is active
\LY1/ptm/m/n/10 16| \LY1/ptm/m/it/10 F. Wang et al.
 []


Overfull \hbox (2.5pt too wide) has occurred while \output is active
|[][]
 []

[16]

Package natbib Warning: Citation `mygrid' on page 17 undefined on input line 11
68.


Underfull \hbox (badness 10000) in paragraph at lines 1159--1176
[]\LY1/ptm/m/n/10 With the increasing collaboration of scientific research, col
laborative
 []


Underfull \hbox (badness 1383) in paragraph at lines 1159--1176
\LY1/ptm/m/n/10 Grid (http://caBIG.nci.nih.gov/), Biomedical Informatics Resear
ch Network (BIRN)
 []


Underfull \hbox (badness 2547) in paragraph at lines 1159--1176
\LY1/ptm/m/n/10 to integrate existing computing and data resources. They rely o
n a top down
 []


Underfull \hbox (badness 3612) in paragraph at lines 1159--1176
\LY1/ptm/m/n/10 common data structures. The iPlant Collaborative (iPC) Cyberinf
rastructure for
 []


Underfull \hbox (badness 2409) in paragraph at lines 1159--1176
\LY1/ptm/m/n/10 the Biological Sciences: Plant Science Cyberinfrastructure Coll
aborative (PSCIC)
 []


Underfull \hbox (badness 1521) in paragraph at lines 1177--1181
[]\LY1/ptm/m/n/10 While Grid based systems are more used on sharing computing a
nd storage
 []


Overfull \hbox (2.5pt too wide) has occurred while \output is active
|[][]
 []

[17]
Overfull \hbox (36.97008pt too wide) in paragraph at lines 1257--1259
[]\LY1/ptm/m/n/10 NIH Statement on Sharing Scientific Research Data, http://gra
nts.nih.gov/grants/policy/data_sharing/ 
 []


Underfull \hbox (badness 10000) in paragraph at lines 1284--1287
[]\LY1/ptm/m/n/10 Data Sharing & Intellectual Capital (DSIC) Workspace,
 []


Underfull \hbox (badness 10000) in paragraph at lines 1290--1292
[]\LY1/ptm/m/n/10 Getting Connected with caBIG, https://cabig.nci.nih.gov/
 []


Underfull \hbox (badness 2096) in paragraph at lines 1315--1318
[]\LY1/ptm/m/n/10 Cyberinfrastructure for the Biological Sciences: Plant Scienc
e Cyberinfrastructure
 []


Underfull \hbox (badness 10000) has occurred while \output is active
\LY1/ptm/m/n/10 18| \LY1/ptm/m/it/10 F. Wang et al.
 []


Overfull \hbox (2.5pt too wide) has occurred while \output is active
|[][]
 []

[18]
Underfull \hbox (badness 1226) in paragraph at lines 1333--1335
[]\LY1/ptm/m/n/10 Taylor, N.E. and Ives, Z.G. (2006) `Reconciling while tolerat
ing disagreement in
 []

AED: lastpage setting LastPage
Overfull \hbox (2.5pt too wide) has occurred while \output is active
|[][]
 []

[19]

Package natbib Warning: There were undefined citations.


Package natbib Warning: There were multiply defined citations.

("sample (single col).aux"

Package natbib Warning: Citation(s) may have changed.
(natbib)                Rerun to get citations correct.

) ) 
Here is how much of TeX's memory you used:
 3317 strings out of 95419
 35676 string characters out of 1187158
 89981 words of memory out of 1090097
 6274 multiletter control sequences out of 60000
 26540 words of font info for 70 fonts, out of 1000000 for 2000
 14 hyphenation exceptions out of 8191
 34i,15n,27p,1342b,376s stack positions out of 5000i,500n,10000p,200000b,32768s
PDF statistics:
 79 PDF objects out of 300000
 0 named destinations out of 300000
 1 words of extra memory for PDF output out of 10000
<C:/Program Files (x86)/MiKTeX 2.5/fonts/type1/bluesky/cm/cmr7.pfb><C:/Progr
am Files (x86)/MiKTeX 2.5/fonts/type1/bluesky/cm/cmmi7.pfb><C:/Program Files (x
86)/MiKTeX 2.5/fonts/type1/bluesky/cm/cmsy10.pfb>{texnansi.enc}<C:/Program File
s (x86)/MiKTeX 2.5/fonts/type1/urw/times/utmb8a.pfb><C:/Program Files (x86)/MiK
TeX 2.5/fonts/type1/urw/times/utmr8a.pfb><C:/Program Files (x86)/MiKTeX 2.5/fon
ts/type1/urw/times/utmri8a.pfb>
Output written on "sample (single col).pdf" (19 pages, 127252 bytes).
